<?xml version="1.0" encoding="UTF-8"?>
<testsuites name="addMultipleItmsFrmExcel" time="223" tests="4" failures="0" errors="0">
   <testsuite name="addMultipleItmsFrmExcel" tests="4" failures="0" errors="0" time="223" timestamp="2018-12-19 11:44:25" hostname="Microsoft - AHEWP128PC1" id="Test Suites/addMultipleItmsFrmExcel">
      <properties>
         <property name="deviceName" value=""/>
         <property name="devicePlatform" value=""/>
         <property name="logFolder" value="C:\\Users\\Microsoft\\Desktop\\test\\testOrganic-examples\\Reports\\addMultipleItmsFrmExcel\\20181219_114423"/>
         <property name="logFiles" value="C:\\Users\\Microsoft\\Desktop\\test\\testOrganic-examples\\Reports\\addMultipleItmsFrmExcel\\20181219_114423\\execution0.log"/>
         <property name="attachments" value=""/>
         <property name="hostName" value="Microsoft - AHEWP128PC1"/>
         <property name="os" value="Windows 7 32bit"/>
         <property name="katalonVersion" value="5.8.6.1"/>
         <property name="browser" value="Chrome 71.0.3578.98"/>
         <property name="hostAddress" value="192.168.1.243"/>
         <property name="sessionId" value="d40b22d5064193b8dff436e37d1478f6"/>
         <property name="seleniumVersion" value="3.7.1"/>
         <property name="proxyInformation" value="ProxyInformation{proxyOption=NO_PROXY, proxyServerType=HTTP, password=, proxyServerAddress=, proxyServerPort=0}"/>
         <property name="platform" value="Windows 7"/>
      </properties>
      <testcase name="Test Cases/login" classname="Test Cases/login" status="PASSED">
         <system-out><![CDATA[2018-12-19 11:44:25 - [TEST_CASE][PASSED] - Test Cases/login: Test Cases/login

2018-12-19 11:44:26 - [TEST_STEP][PASSED] - openBrowser: Browser is opened with url: ''

2018-12-19 11:44:42 - [MESSAGE][PASSED] - Browser is opened with url: ''

2018-12-19 11:44:42 - [TEST_STEP][PASSED] - navigateToUrl: Navigate to 'http://mie.zapto.org:8080/organic/spring_security_login;jsessionid=4283904779A75635F1D16666F08B7643' successfully

2018-12-19 11:44:45 - [MESSAGE][PASSED] - Navigate to 'http://mie.zapto.org:8080/organic/spring_security_login;jsessionid=4283904779A75635F1D16666F08B7643' successfully

2018-12-19 11:44:45 - [TEST_STEP][PASSED] - setText: Text 'boss.organic' is set on object 'Object Repository/Page_Login Page/input_j_username'

2018-12-19 11:44:45 - [MESSAGE][PASSED] - Text 'boss.organic' is set on object 'Object Repository/Page_Login Page/input_j_username'

2018-12-19 11:44:45 - [TEST_STEP][PASSED] - setEncryptedText: Text ****** has been set on object 'Object Repository/Page_Login Page/input_j_password'

2018-12-19 11:44:45 - [MESSAGE][PASSED] - Text ****** has been set on object 'Object Repository/Page_Login Page/input_j_password'

2018-12-19 11:44:45 - [TEST_STEP][PASSED] - click: Object: 'Object Repository/Page_Login Page/input_submit' is clicked on

2018-12-19 11:47:40 - [MESSAGE][PASSED] - Object: 'Object Repository/Page_Login Page/input_submit' is clicked on

2018-12-19 11:47:40 - [TEST_STEP][PASSED] - navigateToUrl: Navigate to 'http://mie.zapto.org:8080/organic/modules/Item' successfully

2018-12-19 11:48:00 - [MESSAGE][PASSED] - Navigate to 'http://mie.zapto.org:8080/organic/modules/Item' successfully]]></system-out>
         <system-err><![CDATA[]]></system-err>
      </testcase>
      <testcase name="Test Cases/addItem" classname="Test Cases/addItem" status="PASSED">
         <system-out><![CDATA[2018-12-19 11:48:00 - [TEST_CASE][PASSED] - Test Cases/addItem: Test Cases/addItem

2018-12-19 11:48:00 - [TEST_STEP][PASSED] - click: Object: 'Object Repository/Page_organic - Stock Registration/a_  New' is clicked on

2018-12-19 11:48:00 - [MESSAGE][PASSED] - Object: 'Object Repository/Page_organic - Stock Registration/a_  New' is clicked on

2018-12-19 11:48:00 - [TEST_STEP][PASSED] - setText: Text 'A4 Paper' is set on object 'Object Repository/Page_organic - Stock Registration/input_ox_organic_Item__itemNam'

2018-12-19 11:48:02 - [MESSAGE][PASSED] - Text 'A4 Paper' is set on object 'Object Repository/Page_organic - Stock Registration/input_ox_organic_Item__itemNam'

2018-12-19 11:48:02 - [TEST_STEP][PASSED] - selectOptionByValue: All options with value '1' are selected in object 'Object Repository/Page_organic - Stock Registration/select_BOTTLES LANKA (PVT) LTD'  using regular expression

2018-12-19 11:48:02 - [MESSAGE][PASSED] - All options with value '1' are selected in object 'Object Repository/Page_organic - Stock Registration/select_BOTTLES LANKA (PVT) LTD'  using regular expression

2018-12-19 11:48:02 - [TEST_STEP][PASSED] - selectOptionByValue: All options with value '12' are selected in object 'Object Repository/Page_organic - Stock Registration/select_05 GallonDispenserNew B'  using regular expression

2018-12-19 11:48:03 - [MESSAGE][PASSED] - All options with value '12' are selected in object 'Object Repository/Page_organic - Stock Registration/select_05 GallonDispenserNew B'  using regular expression

2018-12-19 11:48:03 - [TEST_STEP][PASSED] - setText: Text '10' is set on object 'Object Repository/Page_organic - Stock Registration/input_ox_organic_Item__disc'

2018-12-19 11:48:03 - [MESSAGE][PASSED] - Text '10' is set on object 'Object Repository/Page_organic - Stock Registration/input_ox_organic_Item__disc'

2018-12-19 11:48:03 - [TEST_STEP][PASSED] - click: Object: 'Object Repository/Page_organic - Stock Registration/a_  Save' is clicked on

2018-12-19 11:48:03 - [MESSAGE][PASSED] - Object: 'Object Repository/Page_organic - Stock Registration/a_  Save' is clicked on

2018-12-19 11:48:03 - [TEST_STEP][PASSED] - click: Object: 'Object Repository/Page_organic - Stock Registration/td_Stock Registration created' is clicked on

2018-12-19 11:48:04 - [MESSAGE][PASSED] - Object: 'Object Repository/Page_organic - Stock Registration/td_Stock Registration created' is clicked on]]></system-out>
         <system-err><![CDATA[]]></system-err>
      </testcase>
      <testcase name="Test Cases/addItem" classname="Test Cases/addItem" status="PASSED">
         <system-out><![CDATA[2018-12-19 11:48:04 - [TEST_CASE][PASSED] - Test Cases/addItem: Test Cases/addItem

2018-12-19 11:48:04 - [TEST_STEP][PASSED] - click: Object: 'Object Repository/Page_organic - Stock Registration/a_  New' is clicked on

2018-12-19 11:48:04 - [MESSAGE][PASSED] - Object: 'Object Repository/Page_organic - Stock Registration/a_  New' is clicked on

2018-12-19 11:48:04 - [TEST_STEP][PASSED] - setText: Text 'A3 Paper' is set on object 'Object Repository/Page_organic - Stock Registration/input_ox_organic_Item__itemNam'

2018-12-19 11:48:04 - [MESSAGE][PASSED] - Text 'A3 Paper' is set on object 'Object Repository/Page_organic - Stock Registration/input_ox_organic_Item__itemNam'

2018-12-19 11:48:04 - [TEST_STEP][PASSED] - selectOptionByValue: All options with value '1' are selected in object 'Object Repository/Page_organic - Stock Registration/select_BOTTLES LANKA (PVT) LTD'  using regular expression

2018-12-19 11:48:04 - [MESSAGE][PASSED] - All options with value '1' are selected in object 'Object Repository/Page_organic - Stock Registration/select_BOTTLES LANKA (PVT) LTD'  using regular expression

2018-12-19 11:48:04 - [TEST_STEP][PASSED] - selectOptionByValue: All options with value '12' are selected in object 'Object Repository/Page_organic - Stock Registration/select_05 GallonDispenserNew B'  using regular expression

2018-12-19 11:48:05 - [MESSAGE][PASSED] - All options with value '12' are selected in object 'Object Repository/Page_organic - Stock Registration/select_05 GallonDispenserNew B'  using regular expression

2018-12-19 11:48:05 - [TEST_STEP][PASSED] - setText: Text '10' is set on object 'Object Repository/Page_organic - Stock Registration/input_ox_organic_Item__disc'

2018-12-19 11:48:05 - [MESSAGE][PASSED] - Text '10' is set on object 'Object Repository/Page_organic - Stock Registration/input_ox_organic_Item__disc'

2018-12-19 11:48:05 - [TEST_STEP][PASSED] - click: Object: 'Object Repository/Page_organic - Stock Registration/a_  Save' is clicked on

2018-12-19 11:48:05 - [MESSAGE][PASSED] - Object: 'Object Repository/Page_organic - Stock Registration/a_  Save' is clicked on

2018-12-19 11:48:05 - [TEST_STEP][PASSED] - click: Object: 'Object Repository/Page_organic - Stock Registration/td_Stock Registration created' is clicked on

2018-12-19 11:48:06 - [MESSAGE][PASSED] - Object: 'Object Repository/Page_organic - Stock Registration/td_Stock Registration created' is clicked on]]></system-out>
         <system-err><![CDATA[]]></system-err>
      </testcase>
      <testcase name="Test Cases/addItem" classname="Test Cases/addItem" status="PASSED">
         <system-out><![CDATA[2018-12-19 11:48:06 - [TEST_CASE][PASSED] - Test Cases/addItem: Test Cases/addItem

2018-12-19 11:48:06 - [TEST_STEP][PASSED] - click: Object: 'Object Repository/Page_organic - Stock Registration/a_  New' is clicked on

2018-12-19 11:48:06 - [MESSAGE][PASSED] - Object: 'Object Repository/Page_organic - Stock Registration/a_  New' is clicked on

2018-12-19 11:48:06 - [TEST_STEP][PASSED] - setText: Text 'A5 Paper' is set on object 'Object Repository/Page_organic - Stock Registration/input_ox_organic_Item__itemNam'

2018-12-19 11:48:06 - [MESSAGE][PASSED] - Text 'A5 Paper' is set on object 'Object Repository/Page_organic - Stock Registration/input_ox_organic_Item__itemNam'

2018-12-19 11:48:06 - [TEST_STEP][PASSED] - selectOptionByValue: All options with value '1' are selected in object 'Object Repository/Page_organic - Stock Registration/select_BOTTLES LANKA (PVT) LTD'  using regular expression

2018-12-19 11:48:06 - [MESSAGE][PASSED] - All options with value '1' are selected in object 'Object Repository/Page_organic - Stock Registration/select_BOTTLES LANKA (PVT) LTD'  using regular expression

2018-12-19 11:48:06 - [TEST_STEP][PASSED] - selectOptionByValue: All options with value '12' are selected in object 'Object Repository/Page_organic - Stock Registration/select_05 GallonDispenserNew B'  using regular expression

2018-12-19 11:48:06 - [MESSAGE][PASSED] - All options with value '12' are selected in object 'Object Repository/Page_organic - Stock Registration/select_05 GallonDispenserNew B'  using regular expression

2018-12-19 11:48:07 - [TEST_STEP][PASSED] - setText: Text '10' is set on object 'Object Repository/Page_organic - Stock Registration/input_ox_organic_Item__disc'

2018-12-19 11:48:07 - [MESSAGE][PASSED] - Text '10' is set on object 'Object Repository/Page_organic - Stock Registration/input_ox_organic_Item__disc'

2018-12-19 11:48:07 - [TEST_STEP][PASSED] - click: Object: 'Object Repository/Page_organic - Stock Registration/a_  Save' is clicked on

2018-12-19 11:48:07 - [MESSAGE][PASSED] - Object: 'Object Repository/Page_organic - Stock Registration/a_  Save' is clicked on

2018-12-19 11:48:07 - [TEST_STEP][PASSED] - click: Object: 'Object Repository/Page_organic - Stock Registration/td_Stock Registration created' is clicked on

2018-12-19 11:48:08 - [MESSAGE][PASSED] - Object: 'Object Repository/Page_organic - Stock Registration/td_Stock Registration created' is clicked on]]></system-out>
         <system-err><![CDATA[]]></system-err>
      </testcase>
      <system-out><![CDATA[2018-12-19 11:44:25 - [TEST_SUITE][PASSED] - addMultipleItmsFrmExcel: Test Cases/addItem]]></system-out>
      <system-err><![CDATA[]]></system-err>
   </testsuite>
</testsuites>
