<?xml version="1.0" encoding="UTF-8"?>
<testsuites name="addMultipleItmsFrmExcel" time="12" tests="0" failures="3" errors="0">
   <testsuite name="addMultipleItmsFrmExcel" tests="0" failures="3" errors="0" time="12" timestamp="2018-11-22 14:25:08" hostname="n9523766 - SEF-PA00122359.qut.edu.au" id="Test Suites/addMultipleItmsFrmExcel">
      <properties>
         <property name="deviceName" value=""/>
         <property name="devicePlatform" value=""/>
         <property name="logFolder" value="H:\\git\\testOrganic\\Reports\\addMultipleItmsFrmExcel\\20181122_142458"/>
         <property name="logFiles" value="H:\\git\\testOrganic\\Reports\\addMultipleItmsFrmExcel\\20181122_142458\\execution0.log"/>
         <property name="attachments" value=""/>
         <property name="hostName" value="n9523766 - SEF-PA00122359.qut.edu.au"/>
         <property name="hostAddress" value="192.168.43.101"/>
         <property name="os" value="Windows 7 64bit"/>
         <property name="katalonVersion" value="5.6.0.1"/>
      </properties>
      <testcase name="Test Cases/addItem" classname="Test Cases/addItem" status="FAILED">
         <failure type="FAILED" message="Unable to click on object 'Object Repository/Page_organic - Stock Registration/a_  New' (Root cause: com.kms.katalon.core.webui.exception.BrowserNotOpenedException: Browser is not opened
Build info: version: '3.7.1', revision: '8a0099a', time: '2017-11-06T21:07:36.161Z'
System info: host: 'SEF-PA00122359', ip: '192.168.43.101', os.name: 'Windows 7', os.arch: 'amd64', os.version: '6.1', java.version: '1.8.0_181'
Driver info: driver.version: unknown)"/>
         <system-out><![CDATA[2018-11-22 14:25:11 - [TEST_CASE][FAILED] - Test Cases/addItem: Test Cases/addItem FAILED because (of) Unable to click on object 'Object Repository/Page_organic - Stock Registration/a_  New' (Root cause: com.kms.katalon.core.webui.exception.BrowserNotOpenedException: Browser is not opened
Build info: version: '3.7.1', revision: '8a0099a', time: '2017-11-06T21:07:36.161Z'
System info: host: 'SEF-PA00122359', ip: '192.168.43.101', os.name: 'Windows 7', os.arch: 'amd64', os.version: '6.1', java.version: '1.8.0_181'
Driver info: driver.version: unknown)

2018-11-22 14:25:16 - [TEST_STEP][FAILED] - click: Unable to click on object 'Object Repository/Page_organic - Stock Registration/a_  New' (Root cause: com.kms.katalon.core.webui.exception.BrowserNotOpenedException: Browser is not opened
Build info: version: '3.7.1', revision: '8a0099a', time: '2017-11-06T21:07:36.161Z'
System info: host: 'SEF-PA00122359', ip: '192.168.43.101', os.name: 'Windows 7', os.arch: 'amd64', os.version: '6.1', java.version: '1.8.0_181'
Driver info: driver.version: unknown)

2018-11-22 14:25:19 - [MESSAGE][WARNING] - Cannot take screenshot

2018-11-22 14:25:19 - [MESSAGE][FAILED] - Unable to click on object 'Object Repository/Page_organic - Stock Registration/a_  New' (Root cause: com.kms.katalon.core.webui.exception.BrowserNotOpenedException: Browser is not opened
Build info: version: '3.7.1', revision: '8a0099a', time: '2017-11-06T21:07:36.161Z'
System info: host: 'SEF-PA00122359', ip: '192.168.43.101', os.name: 'Windows 7', os.arch: 'amd64', os.version: '6.1', java.version: '1.8.0_181'
Driver info: driver.version: unknown)]]></system-out>
         <system-err><![CDATA[2018-11-22 14:25:11 - [TEST_CASE][FAILED] - Test Cases/addItem: Test Cases/addItem FAILED because (of) Unable to click on object 'Object Repository/Page_organic - Stock Registration/a_  New' (Root cause: com.kms.katalon.core.webui.exception.BrowserNotOpenedException: Browser is not opened
Build info: version: '3.7.1', revision: '8a0099a', time: '2017-11-06T21:07:36.161Z'
System info: host: 'SEF-PA00122359', ip: '192.168.43.101', os.name: 'Windows 7', os.arch: 'amd64', os.version: '6.1', java.version: '1.8.0_181'
Driver info: driver.version: unknown)]]></system-err>
      </testcase>
      <testcase name="Test Cases/addItem" classname="Test Cases/addItem" status="FAILED">
         <failure type="FAILED" message="Unable to click on object 'Object Repository/Page_organic - Stock Registration/a_  New' (Root cause: com.kms.katalon.core.webui.exception.BrowserNotOpenedException: Browser is not opened
Build info: version: '3.7.1', revision: '8a0099a', time: '2017-11-06T21:07:36.161Z'
System info: host: 'SEF-PA00122359', ip: '192.168.43.101', os.name: 'Windows 7', os.arch: 'amd64', os.version: '6.1', java.version: '1.8.0_181'
Driver info: driver.version: unknown)"/>
         <system-out><![CDATA[2018-11-22 14:25:19 - [TEST_CASE][FAILED] - Test Cases/addItem: Test Cases/addItem FAILED because (of) Unable to click on object 'Object Repository/Page_organic - Stock Registration/a_  New' (Root cause: com.kms.katalon.core.webui.exception.BrowserNotOpenedException: Browser is not opened
Build info: version: '3.7.1', revision: '8a0099a', time: '2017-11-06T21:07:36.161Z'
System info: host: 'SEF-PA00122359', ip: '192.168.43.101', os.name: 'Windows 7', os.arch: 'amd64', os.version: '6.1', java.version: '1.8.0_181'
Driver info: driver.version: unknown)

2018-11-22 14:25:19 - [TEST_STEP][FAILED] - click: Unable to click on object 'Object Repository/Page_organic - Stock Registration/a_  New' (Root cause: com.kms.katalon.core.webui.exception.BrowserNotOpenedException: Browser is not opened
Build info: version: '3.7.1', revision: '8a0099a', time: '2017-11-06T21:07:36.161Z'
System info: host: 'SEF-PA00122359', ip: '192.168.43.101', os.name: 'Windows 7', os.arch: 'amd64', os.version: '6.1', java.version: '1.8.0_181'
Driver info: driver.version: unknown)

2018-11-22 14:25:19 - [MESSAGE][WARNING] - Cannot take screenshot

2018-11-22 14:25:19 - [MESSAGE][FAILED] - Unable to click on object 'Object Repository/Page_organic - Stock Registration/a_  New' (Root cause: com.kms.katalon.core.webui.exception.BrowserNotOpenedException: Browser is not opened
Build info: version: '3.7.1', revision: '8a0099a', time: '2017-11-06T21:07:36.161Z'
System info: host: 'SEF-PA00122359', ip: '192.168.43.101', os.name: 'Windows 7', os.arch: 'amd64', os.version: '6.1', java.version: '1.8.0_181'
Driver info: driver.version: unknown)]]></system-out>
         <system-err><![CDATA[2018-11-22 14:25:19 - [TEST_CASE][FAILED] - Test Cases/addItem: Test Cases/addItem FAILED because (of) Unable to click on object 'Object Repository/Page_organic - Stock Registration/a_  New' (Root cause: com.kms.katalon.core.webui.exception.BrowserNotOpenedException: Browser is not opened
Build info: version: '3.7.1', revision: '8a0099a', time: '2017-11-06T21:07:36.161Z'
System info: host: 'SEF-PA00122359', ip: '192.168.43.101', os.name: 'Windows 7', os.arch: 'amd64', os.version: '6.1', java.version: '1.8.0_181'
Driver info: driver.version: unknown)]]></system-err>
      </testcase>
      <testcase name="Test Cases/addItem" classname="Test Cases/addItem" status="FAILED">
         <failure type="FAILED" message="Unable to click on object 'Object Repository/Page_organic - Stock Registration/a_  New' (Root cause: com.kms.katalon.core.webui.exception.BrowserNotOpenedException: Browser is not opened
Build info: version: '3.7.1', revision: '8a0099a', time: '2017-11-06T21:07:36.161Z'
System info: host: 'SEF-PA00122359', ip: '192.168.43.101', os.name: 'Windows 7', os.arch: 'amd64', os.version: '6.1', java.version: '1.8.0_181'
Driver info: driver.version: unknown)"/>
         <system-out><![CDATA[2018-11-22 14:25:20 - [TEST_CASE][FAILED] - Test Cases/addItem: Test Cases/addItem FAILED because (of) Unable to click on object 'Object Repository/Page_organic - Stock Registration/a_  New' (Root cause: com.kms.katalon.core.webui.exception.BrowserNotOpenedException: Browser is not opened
Build info: version: '3.7.1', revision: '8a0099a', time: '2017-11-06T21:07:36.161Z'
System info: host: 'SEF-PA00122359', ip: '192.168.43.101', os.name: 'Windows 7', os.arch: 'amd64', os.version: '6.1', java.version: '1.8.0_181'
Driver info: driver.version: unknown)

2018-11-22 14:25:20 - [TEST_STEP][FAILED] - click: Unable to click on object 'Object Repository/Page_organic - Stock Registration/a_  New' (Root cause: com.kms.katalon.core.webui.exception.BrowserNotOpenedException: Browser is not opened
Build info: version: '3.7.1', revision: '8a0099a', time: '2017-11-06T21:07:36.161Z'
System info: host: 'SEF-PA00122359', ip: '192.168.43.101', os.name: 'Windows 7', os.arch: 'amd64', os.version: '6.1', java.version: '1.8.0_181'
Driver info: driver.version: unknown)

2018-11-22 14:25:20 - [MESSAGE][WARNING] - Cannot take screenshot

2018-11-22 14:25:20 - [MESSAGE][FAILED] - Unable to click on object 'Object Repository/Page_organic - Stock Registration/a_  New' (Root cause: com.kms.katalon.core.webui.exception.BrowserNotOpenedException: Browser is not opened
Build info: version: '3.7.1', revision: '8a0099a', time: '2017-11-06T21:07:36.161Z'
System info: host: 'SEF-PA00122359', ip: '192.168.43.101', os.name: 'Windows 7', os.arch: 'amd64', os.version: '6.1', java.version: '1.8.0_181'
Driver info: driver.version: unknown)]]></system-out>
         <system-err><![CDATA[2018-11-22 14:25:20 - [TEST_CASE][FAILED] - Test Cases/addItem: Test Cases/addItem FAILED because (of) Unable to click on object 'Object Repository/Page_organic - Stock Registration/a_  New' (Root cause: com.kms.katalon.core.webui.exception.BrowserNotOpenedException: Browser is not opened
Build info: version: '3.7.1', revision: '8a0099a', time: '2017-11-06T21:07:36.161Z'
System info: host: 'SEF-PA00122359', ip: '192.168.43.101', os.name: 'Windows 7', os.arch: 'amd64', os.version: '6.1', java.version: '1.8.0_181'
Driver info: driver.version: unknown)]]></system-err>
      </testcase>
      <system-out><![CDATA[2018-11-22 14:25:08 - [TEST_SUITE][FAILED] - addMultipleItmsFrmExcel: Test Cases/addItem FAILED because (of) Unable to click on object 'Object Repository/Page_organic - Stock Registration/a_  New' (Root cause: com.kms.katalon.core.webui.exception.BrowserNotOpenedException: Browser is not opened
Build info: version: '3.7.1', revision: '8a0099a', time: '2017-11-06T21:07:36.161Z'
System info: host: 'SEF-PA00122359', ip: '192.168.43.101', os.name: 'Windows 7', os.arch: 'amd64', os.version: '6.1', java.version: '1.8.0_181'
Driver info: driver.version: unknown)]]></system-out>
      <system-err><![CDATA[2018-11-22 14:25:08 - [TEST_SUITE][FAILED] - addMultipleItmsFrmExcel: Test Cases/addItem FAILED because (of) Unable to click on object 'Object Repository/Page_organic - Stock Registration/a_  New' (Root cause: com.kms.katalon.core.webui.exception.BrowserNotOpenedException: Browser is not opened
Build info: version: '3.7.1', revision: '8a0099a', time: '2017-11-06T21:07:36.161Z'
System info: host: 'SEF-PA00122359', ip: '192.168.43.101', os.name: 'Windows 7', os.arch: 'amd64', os.version: '6.1', java.version: '1.8.0_181'
Driver info: driver.version: unknown)]]></system-err>
   </testsuite>
</testsuites>
